# JRE version: OpenJDK Runtime Environment (17.0.6) (build 17.0.6+0-b2043.56-9586694)
# Java VM: OpenJDK 64-Bit Server VM (17.0.6+0-b2043.56-9586694, mixed mode, tiered, compressed oops, compressed class ptrs, g1 gc, windows-amd64)
GC Precious Log:
 CPUs: 8 total, 8 available
 Memory: 16167M
 Large Page Support: Disabled
 NUMA Support: Disabled
 Compressed Oops: Enabled (Zero based)
 Heap Region Size: 4M
 Heap Min Capacity: 256M
 Heap Initial Capacity: 256M
 Heap Max Capacity: 6G
 Pre-touch: Disabled
 Parallel Workers: 8
 Concurrent Workers: 2
 Concurrent Refinement Workers: 8
 Periodic GC: Disabled
Heap:
 garbage-first heap   total 1425408K, used 533443K [0x0000000680000000, 0x0000000800000000)
  region size 4096K, 12 young (49152K), 12 survivors (49152K)
 Metaspace       used 244954K, committed 246656K, reserved 1060864K
  class space    used 31803K, committed 32640K, reserved 839680K
GC Heap History (20 events):
Event: 51.600 GC heap after
{Heap after GC invocations=41 (full 0):
 garbage-first heap   total 540672K, used 317172K [0x0000000680000000, 0x0000000800000000)
  region size 4096K, 4 young (16384K), 4 survivors (16384K)
 Metaspace       used 202291K, committed 203712K, reserved 1019904K
  class space    used 26560K, committed 27200K, reserved 839680K
}
Event: 52.979 GC heap before
{Heap before GC invocations=42 (full 0):
 garbage-first heap   total 593920K, used 431860K [0x0000000680000000, 0x0000000800000000)
  region size 4096K, 32 young (131072K), 4 survivors (16384K)
 Metaspace       used 203109K, committed 204608K, reserved 1019904K
  class space    used 26667K, committed 27328K, reserved 839680K
}
Event: 52.998 GC heap after
{Heap after GC invocations=43 (full 0):
 garbage-first heap   total 593920K, used 332584K [0x0000000680000000, 0x0000000800000000)
  region size 4096K, 4 young (16384K), 4 survivors (16384K)
 Metaspace       used 203109K, committed 204608K, reserved 1019904K
  class space    used 26667K, committed 27328K, reserved 839680K
}
Event: 53.137 GC heap before
{Heap before GC invocations=43 (full 0):
 garbage-first heap   total 593920K, used 344872K [0x0000000680000000, 0x0000000800000000)
  region size 4096K, 7 young (28672K), 4 survivors (16384K)
 Metaspace       used 203825K, committed 205248K, reserved 1019904K
  class space    used 26764K, committed 27392K, reserved 839680K
}
Event: 53.150 GC heap after
{Heap after GC invocations=44 (full 0):
 garbage-first heap   total 593920K, used 333680K [0x0000000680000000, 0x0000000800000000)
  region size 4096K, 1 young (4096K), 1 survivors (4096K)
 Metaspace       used 203825K, committed 205248K, reserved 1019904K
  class space    used 26764K, committed 27392K, reserved 839680K
}
Event: 54.355 GC heap before
{Heap before GC invocations=44 (full 0):
 garbage-first heap   total 593920K, used 472944K [0x0000000680000000, 0x0000000800000000)
  region size 4096K, 35 young (143360K), 1 survivors (4096K)
 Metaspace       used 209389K, committed 210880K, reserved 1028096K
  class space    used 27544K, committed 28224K, reserved 839680K
}
Event: 54.369 GC heap after
{Heap after GC invocations=45 (full 0):
 garbage-first heap   total 1425408K, used 348886K [0x0000000680000000, 0x0000000800000000)
  region size 4096K, 5 young (20480K), 5 survivors (20480K)
 Metaspace       used 209389K, committed 210880K, reserved 1028096K
  class space    used 27544K, committed 28224K, reserved 839680K
}
Event: 62.153 GC heap before
{Heap before GC invocations=46 (full 0):
 garbage-first heap   total 1269760K, used 1139414K [0x0000000680000000, 0x0000000800000000)
  region size 4096K, 186 young (761856K), 5 survivors (20480K)
 Metaspace       used 237936K, committed 239680K, reserved 1052672K
  class space    used 31201K, committed 32000K, reserved 839680K
}
Event: 62.302 GC heap after
{Heap after GC invocations=47 (full 0):
 garbage-first heap   total 1269760K, used 424414K [0x0000000680000000, 0x0000000800000000)
  region size 4096K, 21 young (86016K), 21 survivors (86016K)
 Metaspace       used 237936K, committed 239680K, reserved 1052672K
  class space    used 31201K, committed 32000K, reserved 839680K
}
Event: 62.317 GC heap before
{Heap before GC invocations=47 (full 0):
 garbage-first heap   total 1269760K, used 428510K [0x0000000680000000, 0x0000000800000000)
  region size 4096K, 22 young (90112K), 21 survivors (86016K)
 Metaspace       used 237942K, committed 239680K, reserved 1052672K
  class space    used 31201K, committed 32000K, reserved 839680K
}
Event: 62.604 GC heap after
{Heap after GC invocations=48 (full 0):
 garbage-first heap   total 1269760K, used 427442K [0x0000000680000000, 0x0000000800000000)
  region size 4096K, 3 young (12288K), 3 survivors (12288K)
 Metaspace       used 237942K, committed 239680K, reserved 1052672K
  class space    used 31201K, committed 32000K, reserved 839680K
}
Event: 65.903 GC heap before
{Heap before GC invocations=48 (full 0):
 garbage-first heap   total 1269760K, used 980402K [0x0000000680000000, 0x0000000800000000)
  region size 4096K, 139 young (569344K), 3 survivors (12288K)
 Metaspace       used 242120K, committed 243840K, reserved 1052672K
  class space    used 31622K, committed 32448K, reserved 839680K
}
Event: 65.927 GC heap after
{Heap after GC invocations=49 (full 0):
 garbage-first heap   total 1269760K, used 445946K [0x0000000680000000, 0x0000000800000000)
  region size 4096K, 8 young (32768K), 8 survivors (32768K)
 Metaspace       used 242120K, committed 243840K, reserved 1052672K
  class space    used 31622K, committed 32448K, reserved 839680K
}
Event: 67.093 GC heap before
{Heap before GC invocations=49 (full 0):
 garbage-first heap   total 1269760K, used 1003002K [0x0000000680000000, 0x0000000800000000)
  region size 4096K, 145 young (593920K), 8 survivors (32768K)
 Metaspace       used 243799K, committed 245504K, reserved 1060864K
  class space    used 31749K, committed 32576K, reserved 839680K
}
Event: 67.138 GC heap after
{Heap after GC invocations=50 (full 0):
 garbage-first heap   total 1269760K, used 471650K [0x0000000680000000, 0x0000000800000000)
  region size 4096K, 14 young (57344K), 14 survivors (57344K)
 Metaspace       used 243799K, committed 245504K, reserved 1060864K
  class space    used 31749K, committed 32576K, reserved 839680K
}
Event: 67.806 GC heap before
{Heap before GC invocations=50 (full 0):
 garbage-first heap   total 1269760K, used 1020514K [0x0000000680000000, 0x0000000800000000)
  region size 4096K, 149 young (610304K), 14 survivors (57344K)
 Metaspace       used 244307K, committed 246080K, reserved 1060864K
  class space    used 31761K, committed 32576K, reserved 839680K
}
Event: 67.870 GC heap after
{Heap after GC invocations=51 (full 0):
 garbage-first heap   total 1269760K, used 499197K [0x0000000680000000, 0x0000000800000000)
  region size 4096K, 16 young (65536K), 16 survivors (65536K)
 Metaspace       used 244307K, committed 246080K, reserved 1060864K
  class space    used 31761K, committed 32576K, reserved 839680K
}
Event: 68.684 GC heap before
{Heap before GC invocations=51 (full 0):
 garbage-first heap   total 1269760K, used 1023485K [0x0000000680000000, 0x0000000800000000)
  region size 4096K, 145 young (593920K), 16 survivors (65536K)
 Metaspace       used 244843K, committed 246528K, reserved 1060864K
  class space    used 31794K, committed 32576K, reserved 839680K
}
Event: 68.731 GC heap after
{Heap after GC invocations=52 (full 0):
 garbage-first heap   total 1269760K, used 524288K [0x0000000680000000, 0x0000000800000000)
  region size 4096K, 9 young (36864K), 9 survivors (36864K)
 Metaspace       used 244843K, committed 246528K, reserved 1060864K
  class space    used 31794K, committed 32576K, reserved 839680K
}
Event: 69.460 GC heap before
{Heap before GC invocations=52 (full 0):
 garbage-first heap   total 1269760K, used 1032192K [0x0000000680000000, 0x0000000800000000)
  region size 4096K, 133 young (544768K), 9 survivors (36864K)
 Metaspace       used 244954K, committed 246656K, reserved 1060864K
  class space    used 31803K, committed 32640K, reserved 839680K
}

