# JRE version: OpenJDK Runtime Environment (17.0.6) (build 17.0.6+0-b2043.56-9586694)
# Java VM: OpenJDK 64-Bit Server VM (17.0.6+0-b2043.56-9586694, mixed mode, tiered, compressed oops, compressed class ptrs, g1 gc, windows-amd64)
GC Precious Log:
 CPUs: 8 total, 8 available
 Memory: 16167M
 Large Page Support: Disabled
 NUMA Support: Disabled
 Compressed Oops: Enabled (Zero based)
 Heap Region Size: 4M
 Heap Min Capacity: 256M
 Heap Initial Capacity: 256M
 Heap Max Capacity: 6G
 Pre-touch: Disabled
 Parallel Workers: 8
 Concurrent Workers: 2
 Concurrent Refinement Workers: 8
 Periodic GC: Disabled
Heap:
 garbage-first heap   total 1482752K, used 1132759K [0x0000000680000000, 0x0000000800000000)
  region size 4096K, 40 young (163840K), 6 survivors (24576K)
 Metaspace       used 166162K, committed 168000K, reserved 987136K
  class space    used 23112K, committed 23936K, reserved 839680K
GC Heap History (20 events):
Event: 34.829 GC heap before
{Heap before GC invocations=36 (full 0):
 garbage-first heap   total 741376K, used 595188K [0x0000000680000000, 0x0000000800000000)
  region size 4096K, 64 young (262144K), 3 survivors (12288K)
 Metaspace       used 163603K, committed 165504K, reserved 987136K
  class space    used 22793K, committed 23680K, reserved 839680K
}
Event: 34.846 GC heap after
{Heap after GC invocations=37 (full 0):
 garbage-first heap   total 741376K, used 379018K [0x0000000680000000, 0x0000000800000000)
  region size 4096K, 8 young (32768K), 8 survivors (32768K)
 Metaspace       used 163603K, committed 165504K, reserved 987136K
  class space    used 22793K, committed 23680K, reserved 839680K
}
Event: 36.269 GC heap before
{Heap before GC invocations=37 (full 0):
 garbage-first heap   total 741376K, used 592010K [0x0000000680000000, 0x0000000800000000)
  region size 4096K, 61 young (249856K), 8 survivors (32768K)
 Metaspace       used 163735K, committed 165632K, reserved 987136K
  class space    used 22799K, committed 23680K, reserved 839680K
}
Event: 36.319 GC heap after
{Heap after GC invocations=38 (full 0):
 garbage-first heap   total 741376K, used 477896K [0x0000000680000000, 0x0000000800000000)
  region size 4096K, 8 young (32768K), 8 survivors (32768K)
 Metaspace       used 163735K, committed 165632K, reserved 987136K
  class space    used 22799K, committed 23680K, reserved 839680K
}
Event: 36.474 GC heap before
{Heap before GC invocations=38 (full 0):
 garbage-first heap   total 741376K, used 572104K [0x0000000680000000, 0x0000000800000000)
  region size 4096K, 32 young (131072K), 8 survivors (32768K)
 Metaspace       used 163735K, committed 165632K, reserved 987136K
  class space    used 22799K, committed 23680K, reserved 839680K
}
Event: 36.509 GC heap after
{Heap after GC invocations=39 (full 0):
 garbage-first heap   total 741376K, used 535911K [0x0000000680000000, 0x0000000800000000)
  region size 4096K, 4 young (16384K), 4 survivors (16384K)
 Metaspace       used 163735K, committed 165632K, reserved 987136K
  class space    used 22799K, committed 23680K, reserved 839680K
}
Event: 36.602 GC heap before
{Heap before GC invocations=39 (full 0):
 garbage-first heap   total 741376K, used 589159K [0x0000000680000000, 0x0000000800000000)
  region size 4096K, 18 young (73728K), 4 survivors (16384K)
 Metaspace       used 163735K, committed 165632K, reserved 987136K
  class space    used 22799K, committed 23680K, reserved 839680K
}
Event: 36.621 GC heap after
{Heap after GC invocations=40 (full 0):
 garbage-first heap   total 741376K, used 575045K [0x0000000680000000, 0x0000000800000000)
  region size 4096K, 3 young (12288K), 3 survivors (12288K)
 Metaspace       used 163735K, committed 165632K, reserved 987136K
  class space    used 22799K, committed 23680K, reserved 839680K
}
Event: 36.679 GC heap before
{Heap before GC invocations=40 (full 0):
 garbage-first heap   total 741376K, used 607813K [0x0000000680000000, 0x0000000800000000)
  region size 4096K, 12 young (49152K), 3 survivors (12288K)
 Metaspace       used 163735K, committed 165632K, reserved 987136K
  class space    used 22799K, committed 23680K, reserved 839680K
}
Event: 36.703 GC heap after
{Heap after GC invocations=41 (full 0):
 garbage-first heap   total 1482752K, used 598015K [0x0000000680000000, 0x0000000800000000)
  region size 4096K, 2 young (8192K), 2 survivors (8192K)
 Metaspace       used 163735K, committed 165632K, reserved 987136K
  class space    used 22799K, committed 23680K, reserved 839680K
}
Event: 37.612 GC heap before
{Heap before GC invocations=42 (full 0):
 garbage-first heap   total 1482752K, used 1015807K [0x0000000680000000, 0x0000000800000000)
  region size 4096K, 104 young (425984K), 2 survivors (8192K)
 Metaspace       used 163445K, committed 165504K, reserved 987136K
  class space    used 22776K, committed 23680K, reserved 839680K
}
Event: 37.822 GC heap after
{Heap after GC invocations=43 (full 0):
 garbage-first heap   total 1482752K, used 837451K [0x0000000680000000, 0x0000000800000000)
  region size 4096K, 13 young (53248K), 13 survivors (53248K)
 Metaspace       used 163445K, committed 165504K, reserved 987136K
  class space    used 22776K, committed 23680K, reserved 839680K
}
Event: 37.872 GC heap before
{Heap before GC invocations=43 (full 0):
 garbage-first heap   total 1482752K, used 853835K [0x0000000680000000, 0x0000000800000000)
  region size 4096K, 18 young (73728K), 13 survivors (53248K)
 Metaspace       used 163445K, committed 165504K, reserved 987136K
  class space    used 22776K, committed 23680K, reserved 839680K
}
Event: 37.916 GC heap after
{Heap after GC invocations=44 (full 0):
 garbage-first heap   total 1482752K, used 851967K [0x0000000680000000, 0x0000000800000000)
  region size 4096K, 3 young (12288K), 3 survivors (12288K)
 Metaspace       used 163445K, committed 165504K, reserved 987136K
  class space    used 22776K, committed 23680K, reserved 839680K
}
Event: 40.502 GC heap before
{Heap before GC invocations=44 (full 0):
 garbage-first heap   total 1482752K, used 1105919K [0x0000000680000000, 0x0000000800000000)
  region size 4096K, 58 young (237568K), 3 survivors (12288K)
 Metaspace       used 163909K, committed 165760K, reserved 987136K
  class space    used 22816K, committed 23680K, reserved 839680K
}
Event: 40.586 GC heap after
{Heap after GC invocations=45 (full 0):
 garbage-first heap   total 1482752K, used 960109K [0x0000000680000000, 0x0000000800000000)
  region size 4096K, 8 young (32768K), 8 survivors (32768K)
 Metaspace       used 163909K, committed 165760K, reserved 987136K
  class space    used 22816K, committed 23680K, reserved 839680K
}
Event: 41.306 GC heap before
{Heap before GC invocations=45 (full 0):
 garbage-first heap   total 1482752K, used 1119853K [0x0000000680000000, 0x0000000800000000)
  region size 4096K, 48 young (196608K), 8 survivors (32768K)
 Metaspace       used 163917K, committed 165760K, reserved 987136K
  class space    used 22816K, committed 23680K, reserved 839680K
}
Event: 41.359 GC heap after
{Heap after GC invocations=46 (full 0):
 garbage-first heap   total 1482752K, used 1001001K [0x0000000680000000, 0x0000000800000000)
  region size 4096K, 6 young (24576K), 6 survivors (24576K)
 Metaspace       used 163917K, committed 165760K, reserved 987136K
  class space    used 22816K, committed 23680K, reserved 839680K
}
Event: 41.719 GC heap before
{Heap before GC invocations=46 (full 0):
 garbage-first heap   total 1482752K, used 1152553K [0x0000000680000000, 0x0000000800000000)
  region size 4096K, 44 young (180224K), 6 survivors (24576K)
 Metaspace       used 163948K, committed 165824K, reserved 987136K
  class space    used 22816K, committed 23680K, reserved 839680K
}
Event: 41.781 GC heap after
{Heap after GC invocations=47 (full 0):
 garbage-first heap   total 1482752K, used 1038551K [0x0000000680000000, 0x0000000800000000)
  region size 4096K, 6 young (24576K), 6 survivors (24576K)
 Metaspace       used 163948K, committed 165824K, reserved 987136K
  class space    used 22816K, committed 23680K, reserved 839680K
}

